{"/Users/sebastiansandqvist/Documents/Sites & Projects/apps/~modules/s-type/index.js":{"path":"/Users/sebastiansandqvist/Documents/Sites & Projects/apps/~modules/s-type/index.js","s":{"1":1,"2":32,"3":32,"4":3,"5":29,"6":1,"7":41,"8":39,"9":2,"10":4,"11":1,"12":56,"13":56,"14":58,"15":58,"16":58,"17":62,"18":57,"19":21,"20":1,"21":20,"22":20,"23":20,"24":35,"25":34,"26":1,"27":1,"28":1,"29":34,"30":1,"31":4,"32":1,"33":1,"34":9,"35":1,"36":1,"37":22,"38":1,"39":1,"40":1,"41":1,"42":1,"43":3,"44":1,"45":1,"46":3,"47":1,"48":1,"49":4,"50":1,"51":1,"52":2,"53":1,"54":1,"55":5,"56":8,"57":1,"58":7,"59":11,"60":2,"61":5,"62":5,"63":5,"64":1,"65":4,"66":1,"67":1,"68":1,"69":1,"70":1,"71":1,"72":1,"73":1,"74":6,"75":1,"76":1,"77":2,"78":2,"79":2,"80":2,"81":1},"b":{"1":[3,29],"2":[32,4],"3":[39,2],"4":[58,0],"5":[4,54],"6":[62,60],"7":[21,36],"8":[1,20],"9":[20,1],"10":[1,33],"11":[34,34],"12":[3,1],"13":[1,7],"14":[2,9],"15":[4,4,2]},"f":{"1":32,"2":41,"3":4,"4":56,"5":56,"6":62,"7":4,"8":9,"9":22,"10":1,"11":3,"12":3,"13":4,"14":2,"15":5,"16":8,"17":4,"18":1,"19":1,"20":6,"21":2,"22":2},"fnMap":{"1":{"name":"getType","line":1,"loc":{"start":{"line":1,"column":0},"end":{"line":1,"column":20}}},"2":{"name":"typeStringFromArray","line":9,"loc":{"start":{"line":9,"column":0},"end":{"line":9,"column":34}}},"3":{"name":"(anonymous_3)","line":13,"loc":{"start":{"line":13,"column":16},"end":{"line":13,"column":38}}},"4":{"name":"T","line":18,"loc":{"start":{"line":18,"column":0},"end":{"line":18,"column":19}}},"5":{"name":"(anonymous_5)","line":20,"loc":{"start":{"line":20,"column":8},"end":{"line":20,"column":31}}},"6":{"name":"(anonymous_6)","line":27,"loc":{"start":{"line":27,"column":33},"end":{"line":27,"column":54}}},"7":{"name":"(anonymous_7)","line":65,"loc":{"start":{"line":65,"column":23},"end":{"line":65,"column":35}}},"8":{"name":"(anonymous_8)","line":71,"loc":{"start":{"line":71,"column":19},"end":{"line":71,"column":31}}},"9":{"name":"(anonymous_9)","line":77,"loc":{"start":{"line":77,"column":19},"end":{"line":77,"column":31}}},"10":{"name":"(anonymous_10)","line":83,"loc":{"start":{"line":83,"column":9},"end":{"line":83,"column":21}}},"11":{"name":"(anonymous_11)","line":89,"loc":{"start":{"line":89,"column":21},"end":{"line":89,"column":33}}},"12":{"name":"(anonymous_12)","line":95,"loc":{"start":{"line":95,"column":8},"end":{"line":95,"column":20}}},"13":{"name":"(anonymous_13)","line":101,"loc":{"start":{"line":101,"column":19},"end":{"line":101,"column":31}}},"14":{"name":"(anonymous_14)","line":107,"loc":{"start":{"line":107,"column":18},"end":{"line":107,"column":30}}},"15":{"name":"(anonymous_15)","line":113,"loc":{"start":{"line":113,"column":12},"end":{"line":113,"column":31}}},"16":{"name":"(anonymous_16)","line":115,"loc":{"start":{"line":115,"column":21},"end":{"line":115,"column":33}}},"17":{"name":"(anonymous_17)","line":137,"loc":{"start":{"line":137,"column":23},"end":{"line":137,"column":35}}},"18":{"name":"(anonymous_18)","line":144,"loc":{"start":{"line":144,"column":27},"end":{"line":144,"column":39}}},"19":{"name":"(anonymous_19)","line":150,"loc":{"start":{"line":150,"column":24},"end":{"line":150,"column":36}}},"20":{"name":"(anonymous_20)","line":156,"loc":{"start":{"line":156,"column":8},"end":{"line":156,"column":19}}},"21":{"name":"(anonymous_21)","line":163,"loc":{"start":{"line":163,"column":28},"end":{"line":163,"column":45}}},"22":{"name":"(anonymous_22)","line":164,"loc":{"start":{"line":164,"column":20},"end":{"line":164,"column":35}}}},"statementMap":{"1":{"start":{"line":1,"column":0},"end":{"line":7,"column":1}},"2":{"start":{"line":2,"column":1},"end":{"line":2,"column":82}},"3":{"start":{"line":3,"column":1},"end":{"line":5,"column":2}},"4":{"start":{"line":4,"column":2},"end":{"line":4,"column":45}},"5":{"start":{"line":6,"column":1},"end":{"line":6,"column":20}},"6":{"start":{"line":9,"column":0},"end":{"line":16,"column":1}},"7":{"start":{"line":10,"column":1},"end":{"line":12,"column":2}},"8":{"start":{"line":11,"column":2},"end":{"line":11,"column":21}},"9":{"start":{"line":13,"column":1},"end":{"line":15,"column":17}},"10":{"start":{"line":14,"column":2},"end":{"line":14,"column":26}},"11":{"start":{"line":18,"column":0},"end":{"line":63,"column":1}},"12":{"start":{"line":20,"column":1},"end":{"line":61,"column":3}},"13":{"start":{"line":22,"column":2},"end":{"line":49,"column":3}},"14":{"start":{"line":24,"column":3},"end":{"line":47,"column":4}},"15":{"start":{"line":26,"column":4},"end":{"line":26,"column":75}},"16":{"start":{"line":27,"column":4},"end":{"line":29,"column":14}},"17":{"start":{"line":28,"column":5},"end":{"line":28,"column":37}},"18":{"start":{"line":31,"column":4},"end":{"line":45,"column":5}},"19":{"start":{"line":34,"column":5},"end":{"line":36,"column":6}},"20":{"start":{"line":35,"column":6},"end":{"line":35,"column":15}},"21":{"start":{"line":38,"column":5},"end":{"line":41,"column":68}},"22":{"start":{"line":43,"column":5},"end":{"line":43,"column":33}},"23":{"start":{"line":44,"column":5},"end":{"line":44,"column":25}},"24":{"start":{"line":51,"column":2},"end":{"line":57,"column":3}},"25":{"start":{"line":52,"column":3},"end":{"line":56,"column":4}},"26":{"start":{"line":53,"column":4},"end":{"line":53,"column":83}},"27":{"start":{"line":54,"column":4},"end":{"line":54,"column":32}},"28":{"start":{"line":55,"column":4},"end":{"line":55,"column":24}},"29":{"start":{"line":59,"column":2},"end":{"line":59,"column":14}},"30":{"start":{"line":65,"column":0},"end":{"line":67,"column":2}},"31":{"start":{"line":66,"column":1},"end":{"line":66,"column":32}},"32":{"start":{"line":69,"column":0},"end":{"line":69,"column":23}},"33":{"start":{"line":71,"column":0},"end":{"line":73,"column":2}},"34":{"start":{"line":72,"column":1},"end":{"line":72,"column":30}},"35":{"start":{"line":75,"column":0},"end":{"line":75,"column":22}},"36":{"start":{"line":77,"column":0},"end":{"line":79,"column":2}},"37":{"start":{"line":78,"column":1},"end":{"line":78,"column":30}},"38":{"start":{"line":81,"column":0},"end":{"line":81,"column":22}},"39":{"start":{"line":83,"column":0},"end":{"line":85,"column":2}},"40":{"start":{"line":84,"column":1},"end":{"line":84,"column":30}},"41":{"start":{"line":87,"column":0},"end":{"line":87,"column":21}},"42":{"start":{"line":89,"column":0},"end":{"line":91,"column":2}},"43":{"start":{"line":90,"column":1},"end":{"line":90,"column":30}},"44":{"start":{"line":93,"column":0},"end":{"line":93,"column":21}},"45":{"start":{"line":95,"column":0},"end":{"line":97,"column":2}},"46":{"start":{"line":96,"column":1},"end":{"line":96,"column":58}},"47":{"start":{"line":99,"column":0},"end":{"line":99,"column":19}},"48":{"start":{"line":101,"column":0},"end":{"line":103,"column":2}},"49":{"start":{"line":102,"column":1},"end":{"line":102,"column":32}},"50":{"start":{"line":105,"column":0},"end":{"line":105,"column":22}},"51":{"start":{"line":107,"column":0},"end":{"line":109,"column":2}},"52":{"start":{"line":108,"column":1},"end":{"line":108,"column":25}},"53":{"start":{"line":111,"column":0},"end":{"line":111,"column":21}},"54":{"start":{"line":113,"column":0},"end":{"line":135,"column":2}},"55":{"start":{"line":115,"column":1},"end":{"line":129,"column":3}},"56":{"start":{"line":117,"column":2},"end":{"line":119,"column":3}},"57":{"start":{"line":118,"column":3},"end":{"line":118,"column":16}},"58":{"start":{"line":121,"column":2},"end":{"line":125,"column":3}},"59":{"start":{"line":122,"column":3},"end":{"line":124,"column":4}},"60":{"start":{"line":123,"column":4},"end":{"line":123,"column":17}},"61":{"start":{"line":127,"column":2},"end":{"line":127,"column":14}},"62":{"start":{"line":131,"column":1},"end":{"line":131,"column":56}},"63":{"start":{"line":133,"column":1},"end":{"line":133,"column":20}},"64":{"start":{"line":137,"column":0},"end":{"line":139,"column":2}},"65":{"start":{"line":138,"column":1},"end":{"line":138,"column":68}},"66":{"start":{"line":142,"column":0},"end":{"line":142,"column":27}},"67":{"start":{"line":144,"column":0},"end":{"line":146,"column":2}},"68":{"start":{"line":145,"column":1},"end":{"line":145,"column":33}},"69":{"start":{"line":148,"column":0},"end":{"line":148,"column":30}},"70":{"start":{"line":150,"column":0},"end":{"line":152,"column":2}},"71":{"start":{"line":151,"column":1},"end":{"line":151,"column":31}},"72":{"start":{"line":154,"column":0},"end":{"line":154,"column":24}},"73":{"start":{"line":156,"column":0},"end":{"line":158,"column":2}},"74":{"start":{"line":157,"column":1},"end":{"line":157,"column":13}},"75":{"start":{"line":160,"column":0},"end":{"line":160,"column":19}},"76":{"start":{"line":163,"column":0},"end":{"line":169,"column":2}},"77":{"start":{"line":164,"column":1},"end":{"line":166,"column":3}},"78":{"start":{"line":165,"column":2},"end":{"line":165,"column":46}},"79":{"start":{"line":167,"column":1},"end":{"line":167,"column":31}},"80":{"start":{"line":168,"column":1},"end":{"line":168,"column":19}},"81":{"start":{"line":171,"column":0},"end":{"line":171,"column":19}}},"branchMap":{"1":{"line":3,"type":"if","locations":[{"start":{"line":3,"column":1},"end":{"line":3,"column":1}},{"start":{"line":3,"column":1},"end":{"line":3,"column":1}}]},"2":{"line":3,"type":"binary-expr","locations":[{"start":{"line":3,"column":5},"end":{"line":3,"column":28}},{"start":{"line":3,"column":32},"end":{"line":3,"column":44}}]},"3":{"line":10,"type":"if","locations":[{"start":{"line":10,"column":1},"end":{"line":10,"column":1}},{"start":{"line":10,"column":1},"end":{"line":10,"column":1}}]},"4":{"line":24,"type":"if","locations":[{"start":{"line":24,"column":3},"end":{"line":24,"column":3}},{"start":{"line":24,"column":3},"end":{"line":24,"column":3}}]},"5":{"line":26,"type":"cond-expr","locations":[{"start":{"line":26,"column":47},"end":{"line":26,"column":58}},{"start":{"line":26,"column":61},"end":{"line":26,"column":74}}]},"6":{"line":28,"type":"binary-expr","locations":[{"start":{"line":28,"column":12},"end":{"line":28,"column":16}},{"start":{"line":28,"column":20},"end":{"line":28,"column":36}}]},"7":{"line":31,"type":"if","locations":[{"start":{"line":31,"column":4},"end":{"line":31,"column":4}},{"start":{"line":31,"column":4},"end":{"line":31,"column":4}}]},"8":{"line":34,"type":"if","locations":[{"start":{"line":34,"column":5},"end":{"line":34,"column":5}},{"start":{"line":34,"column":5},"end":{"line":34,"column":5}}]},"9":{"line":39,"type":"binary-expr","locations":[{"start":{"line":39,"column":33},"end":{"line":39,"column":38}},{"start":{"line":39,"column":42},"end":{"line":39,"column":58}}]},"10":{"line":52,"type":"if","locations":[{"start":{"line":52,"column":3},"end":{"line":52,"column":3}},{"start":{"line":52,"column":3},"end":{"line":52,"column":3}}]},"11":{"line":52,"type":"binary-expr","locations":[{"start":{"line":52,"column":7},"end":{"line":52,"column":32}},{"start":{"line":52,"column":36},"end":{"line":52,"column":63}}]},"12":{"line":96,"type":"binary-expr","locations":[{"start":{"line":96,"column":8},"end":{"line":96,"column":32}},{"start":{"line":96,"column":36},"end":{"line":96,"column":57}}]},"13":{"line":117,"type":"if","locations":[{"start":{"line":117,"column":2},"end":{"line":117,"column":2}},{"start":{"line":117,"column":2},"end":{"line":117,"column":2}}]},"14":{"line":122,"type":"if","locations":[{"start":{"line":122,"column":3},"end":{"line":122,"column":3}},{"start":{"line":122,"column":3},"end":{"line":122,"column":3}}]},"15":{"line":138,"type":"binary-expr","locations":[{"start":{"line":138,"column":8},"end":{"line":138,"column":29}},{"start":{"line":138,"column":33},"end":{"line":138,"column":44}},{"start":{"line":138,"column":48},"end":{"line":138,"column":67}}]}}}}