TN:
SF:/Users/sebastiansandqvist/Documents/Sites & Projects/apps/~modules/s-type/index.js
FN:1,getType
FN:9,typeStringFromArray
FN:13,(anonymous_3)
FN:18,T
FN:20,(anonymous_5)
FN:27,(anonymous_6)
FN:65,(anonymous_7)
FN:71,(anonymous_8)
FN:77,(anonymous_9)
FN:83,(anonymous_10)
FN:89,(anonymous_11)
FN:95,(anonymous_12)
FN:101,(anonymous_13)
FN:107,(anonymous_14)
FN:113,(anonymous_15)
FN:115,(anonymous_16)
FN:137,(anonymous_17)
FN:144,(anonymous_18)
FN:150,(anonymous_19)
FN:156,(anonymous_20)
FN:163,(anonymous_21)
FN:164,(anonymous_22)
FNF:22
FNH:22
FNDA:32,getType
FNDA:41,typeStringFromArray
FNDA:4,(anonymous_3)
FNDA:56,T
FNDA:56,(anonymous_5)
FNDA:62,(anonymous_6)
FNDA:4,(anonymous_7)
FNDA:9,(anonymous_8)
FNDA:22,(anonymous_9)
FNDA:1,(anonymous_10)
FNDA:3,(anonymous_11)
FNDA:3,(anonymous_12)
FNDA:4,(anonymous_13)
FNDA:2,(anonymous_14)
FNDA:5,(anonymous_15)
FNDA:8,(anonymous_16)
FNDA:4,(anonymous_17)
FNDA:1,(anonymous_18)
FNDA:1,(anonymous_19)
FNDA:6,(anonymous_20)
FNDA:2,(anonymous_21)
FNDA:2,(anonymous_22)
DA:1,1
DA:2,32
DA:3,32
DA:4,3
DA:6,29
DA:9,1
DA:10,41
DA:11,39
DA:13,2
DA:14,4
DA:18,1
DA:20,56
DA:22,56
DA:24,58
DA:26,58
DA:27,58
DA:28,62
DA:31,57
DA:34,21
DA:35,1
DA:38,20
DA:43,20
DA:44,20
DA:51,35
DA:52,34
DA:53,1
DA:54,1
DA:55,1
DA:59,34
DA:65,1
DA:66,4
DA:69,1
DA:71,1
DA:72,9
DA:75,1
DA:77,1
DA:78,22
DA:81,1
DA:83,1
DA:84,1
DA:87,1
DA:89,1
DA:90,3
DA:93,1
DA:95,1
DA:96,3
DA:99,1
DA:101,1
DA:102,4
DA:105,1
DA:107,1
DA:108,2
DA:111,1
DA:113,1
DA:115,5
DA:117,8
DA:118,1
DA:121,7
DA:122,11
DA:123,2
DA:127,5
DA:131,5
DA:133,5
DA:137,1
DA:138,4
DA:142,1
DA:144,1
DA:145,1
DA:148,1
DA:150,1
DA:151,1
DA:154,1
DA:156,1
DA:157,6
DA:160,1
DA:163,1
DA:164,2
DA:165,2
DA:167,2
DA:168,2
DA:171,1
LF:81
LH:81
BRDA:3,1,0,3
BRDA:3,1,1,29
BRDA:3,2,0,32
BRDA:3,2,1,4
BRDA:10,3,0,39
BRDA:10,3,1,2
BRDA:24,4,0,58
BRDA:24,4,1,0
BRDA:26,5,0,4
BRDA:26,5,1,54
BRDA:28,6,0,62
BRDA:28,6,1,60
BRDA:31,7,0,21
BRDA:31,7,1,36
BRDA:34,8,0,1
BRDA:34,8,1,20
BRDA:39,9,0,20
BRDA:39,9,1,1
BRDA:52,10,0,1
BRDA:52,10,1,33
BRDA:52,11,0,34
BRDA:52,11,1,34
BRDA:96,12,0,3
BRDA:96,12,1,1
BRDA:117,13,0,1
BRDA:117,13,1,7
BRDA:122,14,0,2
BRDA:122,14,1,9
BRDA:138,15,0,4
BRDA:138,15,1,4
BRDA:138,15,2,2
BRF:31
BRH:30
end_of_record
